{"E:\\MissionReady\\L5-Cloud-devOp\\L5-mission\\Mission2-API-TDD-\\APIFunctions\\getCarValue.js": {"path":"E:\\MissionReady\\L5-Cloud-devOp\\L5-mission\\Mission2-API-TDD-\\APIFunctions\\getCarValue.js","statementMap":{"0":{"start":{"line":1,"column":24},"end":{"line":1,"column":34}},"1":{"start":{"line":2,"column":23},"end":{"line":2,"column":32}},"2":{"start":{"line":3,"column":25},"end":{"line":3,"column":50}},"3":{"start":{"line":4,"column":21},"end":{"line":4,"column":24}},"4":{"start":{"line":5,"column":28},"end":{"line":5,"column":30}},"5":{"start":{"line":6,"column":22},"end":{"line":6,"column":26}},"6":{"start":{"line":11,"column":4},"end":{"line":13,"column":5}},"7":{"start":{"line":12,"column":8},"end":{"line":12,"column":20}},"8":{"start":{"line":15,"column":4},"end":{"line":24,"column":5}},"9":{"start":{"line":16,"column":8},"end":{"line":16,"column":19}},"10":{"start":{"line":20,"column":29},"end":{"line":20,"column":48}},"11":{"start":{"line":21,"column":27},"end":{"line":21,"column":60}},"12":{"start":{"line":22,"column":25},"end":{"line":22,"column":67}},"13":{"start":{"line":23,"column":8},"end":{"line":23,"column":23}},"14":{"start":{"line":30,"column":25},"end":{"line":30,"column":44}},"15":{"start":{"line":31,"column":4},"end":{"line":31,"column":45}},"16":{"start":{"line":35,"column":4},"end":{"line":35,"column":75}},"17":{"start":{"line":39,"column":4},"end":{"line":39,"column":32}},"18":{"start":{"line":43,"column":4},"end":{"line":49,"column":5}},"19":{"start":{"line":43,"column":16},"end":{"line":43,"column":17}},"20":{"start":{"line":44,"column":8},"end":{"line":48,"column":9}},"21":{"start":{"line":45,"column":12},"end":{"line":45,"column":29}},"22":{"start":{"line":46,"column":12},"end":{"line":46,"column":53}},"23":{"start":{"line":47,"column":12},"end":{"line":47,"column":16}},"24":{"start":{"line":50,"column":4},"end":{"line":50,"column":16}},"25":{"start":{"line":54,"column":23},"end":{"line":56,"column":9}},"26":{"start":{"line":55,"column":8},"end":{"line":55,"column":61}},"27":{"start":{"line":58,"column":4},"end":{"line":58,"column":21}},"28":{"start":{"line":61,"column":0},"end":{"line":61,"column":111}}},"fnMap":{"0":{"name":"getCarValue","decl":{"start":{"line":9,"column":9},"end":{"line":9,"column":20}},"loc":{"start":{"line":9,"column":33},"end":{"line":26,"column":1}},"line":9},"1":{"name":"checkModel","decl":{"start":{"line":29,"column":9},"end":{"line":29,"column":19}},"loc":{"start":{"line":29,"column":26},"end":{"line":32,"column":1}},"line":29},"2":{"name":"checkYear","decl":{"start":{"line":34,"column":9},"end":{"line":34,"column":18}},"loc":{"start":{"line":34,"column":24},"end":{"line":36,"column":1}},"line":34},"3":{"name":"checkPossibleCarYear","decl":{"start":{"line":38,"column":9},"end":{"line":38,"column":29}},"loc":{"start":{"line":38,"column":35},"end":{"line":40,"column":1}},"line":38},"4":{"name":"removeSymbol","decl":{"start":{"line":42,"column":9},"end":{"line":42,"column":21}},"loc":{"start":{"line":42,"column":28},"end":{"line":51,"column":1}},"line":42},"5":{"name":"calculateModelValue","decl":{"start":{"line":53,"column":9},"end":{"line":53,"column":28}},"loc":{"start":{"line":53,"column":35},"end":{"line":59,"column":1}},"line":53},"6":{"name":"(anonymous_6)","decl":{"start":{"line":54,"column":60},"end":{"line":54,"column":61}},"loc":{"start":{"line":54,"column":75},"end":{"line":56,"column":5}},"line":54}},"branchMap":{"0":{"loc":{"start":{"line":11,"column":4},"end":{"line":13,"column":5}},"type":"if","locations":[{"start":{"line":11,"column":4},"end":{"line":13,"column":5}},{"start":{},"end":{}}],"line":11},"1":{"loc":{"start":{"line":15,"column":4},"end":{"line":24,"column":5}},"type":"if","locations":[{"start":{"line":15,"column":4},"end":{"line":24,"column":5}},{"start":{"line":19,"column":8},"end":{"line":24,"column":5}}],"line":15},"2":{"loc":{"start":{"line":35,"column":11},"end":{"line":35,"column":75}},"type":"cond-expr","locations":[{"start":{"line":35,"column":41},"end":{"line":35,"column":67}},{"start":{"line":35,"column":70},"end":{"line":35,"column":75}}],"line":35},"3":{"loc":{"start":{"line":44,"column":8},"end":{"line":48,"column":9}},"type":"if","locations":[{"start":{"line":44,"column":8},"end":{"line":48,"column":9}},{"start":{},"end":{}}],"line":44}},"s":{"0":1,"1":1,"2":1,"3":1,"4":1,"5":1,"6":5,"7":2,"8":3,"9":1,"10":2,"11":2,"12":2,"13":2,"14":7,"15":7,"16":14,"17":9,"18":11,"19":11,"20":74,"21":9,"22":9,"23":9,"24":11,"25":3,"26":23,"27":3,"28":1},"f":{"0":5,"1":7,"2":14,"3":9,"4":11,"5":3,"6":23},"b":{"0":[2,3],"1":[1,2],"2":[7,7],"3":[9,65]},"_coverageSchema":"1a1c01bbd47fc00a2c39e90264f33305004495a9","hash":"342ecb393261342d4e35355feca15d1525f1c925"}
}
