{"E:\\MissionReady\\L5-Cloud-devOp\\L5-mission\\Mission2-API-TDD-\\APIFunctions\\getCarValue.js": {"path":"E:\\MissionReady\\L5-Cloud-devOp\\L5-mission\\Mission2-API-TDD-\\APIFunctions\\getCarValue.js","statementMap":{"0":{"start":{"line":1,"column":24},"end":{"line":1,"column":34}},"1":{"start":{"line":2,"column":23},"end":{"line":2,"column":32}},"2":{"start":{"line":3,"column":25},"end":{"line":3,"column":50}},"3":{"start":{"line":4,"column":21},"end":{"line":4,"column":24}},"4":{"start":{"line":5,"column":28},"end":{"line":5,"column":30}},"5":{"start":{"line":10,"column":4},"end":{"line":12,"column":5}},"6":{"start":{"line":11,"column":8},"end":{"line":11,"column":20}},"7":{"start":{"line":14,"column":4},"end":{"line":23,"column":5}},"8":{"start":{"line":15,"column":8},"end":{"line":15,"column":19}},"9":{"start":{"line":19,"column":29},"end":{"line":19,"column":48}},"10":{"start":{"line":20,"column":27},"end":{"line":20,"column":60}},"11":{"start":{"line":21,"column":25},"end":{"line":21,"column":67}},"12":{"start":{"line":22,"column":8},"end":{"line":22,"column":23}},"13":{"start":{"line":29,"column":25},"end":{"line":29,"column":44}},"14":{"start":{"line":30,"column":4},"end":{"line":30,"column":45}},"15":{"start":{"line":34,"column":4},"end":{"line":34,"column":74}},"16":{"start":{"line":38,"column":4},"end":{"line":38,"column":19}},"17":{"start":{"line":42,"column":4},"end":{"line":48,"column":5}},"18":{"start":{"line":42,"column":16},"end":{"line":42,"column":17}},"19":{"start":{"line":43,"column":8},"end":{"line":47,"column":9}},"20":{"start":{"line":44,"column":12},"end":{"line":44,"column":29}},"21":{"start":{"line":45,"column":12},"end":{"line":45,"column":53}},"22":{"start":{"line":46,"column":12},"end":{"line":46,"column":16}},"23":{"start":{"line":49,"column":4},"end":{"line":49,"column":16}},"24":{"start":{"line":53,"column":23},"end":{"line":55,"column":9}},"25":{"start":{"line":54,"column":8},"end":{"line":54,"column":61}},"26":{"start":{"line":57,"column":4},"end":{"line":57,"column":21}},"27":{"start":{"line":60,"column":0},"end":{"line":60,"column":90}}},"fnMap":{"0":{"name":"getCarValue","decl":{"start":{"line":8,"column":9},"end":{"line":8,"column":20}},"loc":{"start":{"line":8,"column":33},"end":{"line":25,"column":1}},"line":8},"1":{"name":"checkModel","decl":{"start":{"line":28,"column":9},"end":{"line":28,"column":19}},"loc":{"start":{"line":28,"column":26},"end":{"line":31,"column":1}},"line":28},"2":{"name":"checkYear","decl":{"start":{"line":33,"column":9},"end":{"line":33,"column":18}},"loc":{"start":{"line":33,"column":24},"end":{"line":35,"column":1}},"line":33},"3":{"name":"checkYearIsPositive","decl":{"start":{"line":37,"column":9},"end":{"line":37,"column":28}},"loc":{"start":{"line":37,"column":34},"end":{"line":39,"column":1}},"line":37},"4":{"name":"removeSymbol","decl":{"start":{"line":41,"column":9},"end":{"line":41,"column":21}},"loc":{"start":{"line":41,"column":28},"end":{"line":50,"column":1}},"line":41},"5":{"name":"calculateModelValue","decl":{"start":{"line":52,"column":9},"end":{"line":52,"column":28}},"loc":{"start":{"line":52,"column":35},"end":{"line":58,"column":1}},"line":52},"6":{"name":"(anonymous_6)","decl":{"start":{"line":53,"column":60},"end":{"line":53,"column":61}},"loc":{"start":{"line":53,"column":75},"end":{"line":55,"column":5}},"line":53}},"branchMap":{"0":{"loc":{"start":{"line":10,"column":4},"end":{"line":12,"column":5}},"type":"if","locations":[{"start":{"line":10,"column":4},"end":{"line":12,"column":5}},{"start":{},"end":{}}],"line":10},"1":{"loc":{"start":{"line":14,"column":4},"end":{"line":23,"column":5}},"type":"if","locations":[{"start":{"line":14,"column":4},"end":{"line":23,"column":5}},{"start":{"line":18,"column":8},"end":{"line":23,"column":5}}],"line":14},"2":{"loc":{"start":{"line":34,"column":11},"end":{"line":34,"column":74}},"type":"cond-expr","locations":[{"start":{"line":34,"column":41},"end":{"line":34,"column":66}},{"start":{"line":34,"column":69},"end":{"line":34,"column":74}}],"line":34},"3":{"loc":{"start":{"line":43,"column":8},"end":{"line":47,"column":9}},"type":"if","locations":[{"start":{"line":43,"column":8},"end":{"line":47,"column":9}},{"start":{},"end":{}}],"line":43}},"s":{"0":1,"1":1,"2":1,"3":1,"4":1,"5":5,"6":2,"7":3,"8":1,"9":2,"10":2,"11":2,"12":2,"13":7,"14":7,"15":10,"16":5,"17":11,"18":11,"19":74,"20":9,"21":9,"22":9,"23":11,"24":3,"25":23,"26":3,"27":1},"f":{"0":5,"1":7,"2":10,"3":5,"4":11,"5":3,"6":23},"b":{"0":[2,3],"1":[1,2],"2":[5,5],"3":[9,65]},"_coverageSchema":"1a1c01bbd47fc00a2c39e90264f33305004495a9","hash":"f7a0b23ffc9f11ac8f3de64e1e02ba60bbc8f076"}
}
