TN:
SF:APIFunctions\getCarValue.js
FN:9,getCarValue
FN:29,checkModel
FN:34,checkYear
FN:38,checkPossibleCarYear
FN:42,removeSymbol
FN:53,calculateModelValue
FN:54,(anonymous_6)
FNF:7
FNH:7
FNDA:5,getCarValue
FNDA:7,checkModel
FNDA:14,checkYear
FNDA:9,checkPossibleCarYear
FNDA:11,removeSymbol
FNDA:3,calculateModelValue
FNDA:23,(anonymous_6)
DA:1,1
DA:2,1
DA:3,1
DA:4,1
DA:5,1
DA:6,1
DA:11,5
DA:12,2
DA:15,3
DA:16,1
DA:20,2
DA:21,2
DA:22,2
DA:23,2
DA:30,7
DA:31,7
DA:35,14
DA:39,9
DA:43,11
DA:44,74
DA:45,9
DA:46,9
DA:47,9
DA:50,11
DA:54,3
DA:55,23
DA:58,3
DA:61,1
LF:28
LH:28
BRDA:11,0,0,2
BRDA:11,0,1,3
BRDA:15,1,0,1
BRDA:15,1,1,2
BRDA:35,2,0,7
BRDA:35,2,1,7
BRDA:44,3,0,9
BRDA:44,3,1,65
BRF:8
BRH:8
end_of_record
