TN:
SF:APIFunctions\getCarValue.js
FN:8,getCarValue
FN:28,checkModel
FN:33,checkYear
FN:37,checkYearIsPositive
FN:41,removeSymbol
FN:52,calculateModelValue
FN:53,(anonymous_6)
FNF:7
FNH:7
FNDA:5,getCarValue
FNDA:7,checkModel
FNDA:10,checkYear
FNDA:5,checkYearIsPositive
FNDA:11,removeSymbol
FNDA:3,calculateModelValue
FNDA:23,(anonymous_6)
DA:1,1
DA:2,1
DA:3,1
DA:4,1
DA:5,1
DA:10,5
DA:11,2
DA:14,3
DA:15,1
DA:19,2
DA:20,2
DA:21,2
DA:22,2
DA:29,7
DA:30,7
DA:34,10
DA:38,5
DA:42,11
DA:43,74
DA:44,9
DA:45,9
DA:46,9
DA:49,11
DA:53,3
DA:54,23
DA:57,3
DA:60,1
LF:27
LH:27
BRDA:10,0,0,2
BRDA:10,0,1,3
BRDA:14,1,0,1
BRDA:14,1,1,2
BRDA:34,2,0,5
BRDA:34,2,1,5
BRDA:43,3,0,9
BRDA:43,3,1,65
BRF:8
BRH:8
end_of_record
